Determining if the include file pthread.h exists failed with the following output:
Change Dir: C:/Users/matej/Desktop/Škola/2. semester/IVS/1.Projekt/assignment/build/CMakeFiles/CMakeTmp

Run Build Command:"C:/Program Files (x86)/MSBuild/14.0/bin/MSBuild.exe" "cmTC_0db24.vcxproj" "/p:Configuration=Debug" "/p:VisualStudioVersion=14.0"
Microsoft (R) Build Engine version 14.0.25420.1
Copyright (C) Microsoft Corporation. All rights reserved.

Build started 27. 2. 2021 16:56:56.
Project "C:\Users\matej\Desktop\Škola\2. semester\IVS\1.Projekt\assignment\build\CMakeFiles\CMakeTmp\cmTC_0db24.vcxproj" on node 1 (default targets).
PrepareForBuild:
  Creating directory "cmTC_0db24.dir\Debug\".
  Creating directory "C:\Users\matej\Desktop\Škola\2. semester\IVS\1.Projekt\assignment\build\CMakeFiles\CMakeTmp\Debug\".
  Creating directory "cmTC_0db24.dir\Debug\cmTC_0db24.tlog\".
InitializeBuildStatus:
  Creating "cmTC_0db24.dir\Debug\cmTC_0db24.tlog\unsuccessfulbuild" because "AlwaysCreate" was specified.
ClCompile:
  C:\Program Files (x86)\Microsoft Visual Studio 14.0\VC\bin\CL.exe /c /Zi /W3 /WX- /Od /Ob0 /Oy- /D WIN32 /D _WINDOWS /D "CMAKE_INTDIR=\"Debug\"" /D _MBCS /Gm- /RTC1 /MDd /GS /fp:precise /Zc:wchar_t /Zc:forScope /Zc:inline /Fo"cmTC_0db24.dir\Debug\\" /Fd"cmTC_0db24.dir\Debug\vc140.pdb" /Gd /TC /analyze- /errorReport:queue "C:\Users\matej\Desktop\Škola\2. semester\IVS\1.Projekt\assignment\build\CMakeFiles\CMakeTmp\CheckIncludeFile.c"
  Microsoft (R) C/C++ Optimizing Compiler Version 19.00.24215.1 for x86
  Copyright (C) Microsoft Corporation.  All rights reserved.
  
  cl /c /Zi /W3 /WX- /Od /Ob0 /Oy- /D WIN32 /D _WINDOWS /D "CMAKE_INTDIR=\"Debug\"" /D _MBCS /Gm- /RTC1 /MDd /GS /fp:precise /Zc:wchar_t /Zc:forScope /Zc:inline /Fo"cmTC_0db24.dir\Debug\\" /Fd"cmTC_0db24.dir\Debug\vc140.pdb" /Gd /TC /analyze- /errorReport:queue "C:\Users\matej\Desktop\Škola\2. semester\IVS\1.Projekt\assignment\build\CMakeFiles\CMakeTmp\CheckIncludeFile.c"
  
  CheckIncludeFile.c
C:\Users\matej\Desktop\Škola\2. semester\IVS\1.Projekt\assignment\build\CMakeFiles\CMakeTmp\CheckIncludeFile.c(1): fatal error C1083: Cannot open include file: 'pthread.h': No such file or directory [C:\Users\matej\Desktop\Škola\2. semester\IVS\1.Projekt\assignment\build\CMakeFiles\CMakeTmp\cmTC_0db24.vcxproj]
Done Building Project "C:\Users\matej\Desktop\Škola\2. semester\IVS\1.Projekt\assignment\build\CMakeFiles\CMakeTmp\cmTC_0db24.vcxproj" (default targets) -- FAILED.

Build FAILED.

"C:\Users\matej\Desktop\Škola\2. semester\IVS\1.Projekt\assignment\build\CMakeFiles\CMakeTmp\cmTC_0db24.vcxproj" (default target) (1) ->
(ClCompile target) -> 
  C:\Users\matej\Desktop\Škola\2. semester\IVS\1.Projekt\assignment\build\CMakeFiles\CMakeTmp\CheckIncludeFile.c(1): fatal error C1083: Cannot open include file: 'pthread.h': No such file or directory [C:\Users\matej\Desktop\Škola\2. semester\IVS\1.Projekt\assignment\build\CMakeFiles\CMakeTmp\cmTC_0db24.vcxproj]

    0 Warning(s)
    1 Error(s)

Time Elapsed 00:00:00.61


